19:59:04 **** Build of configuration Default for project PROS_2.11.0_pengu ****
make all 
AS encoder_isr.s
AS startup.s
CC -I../include -I../src API.c
CC -I../include -I../src comm.c
CC -I../include -I../src encoder.c
CC -I../include -I../src fs.c
CC -I../include -I../src gyro.c
CC -I../include -I../src i2c.c
CC -I../include -I../src ime.c
CC -I../include -I../src invoke.c
CC -I../include -I../src io.c
CC -I../include -I../src kernel.c
CC -I../include -I../src list.c
CC -I../include -I../src malloc.c
CC -I../include -I../src motorcontrol.c
CC -I../include -I../src printf.c
Command canceled

19:59:07 Build Cancelled (took 3s.179ms)

